<?xml version="1.0" encoding="UTF-8"?>
<testng-results total="2" passed="2" failed="0" skipped="0">
  <reporter-output>
  </reporter-output>
  <suite started-at="2022-10-17T07:53:57Z" name="Default suite" finished-at="2022-10-17T07:54:39Z" duration-ms="41917">
    <groups>
    </groups>
    <test started-at="2022-10-17T07:53:57Z" name="Default test" finished-at="2022-10-17T07:54:39Z" duration-ms="41917">
      <class name="vandanademo2.orange_hrm">
        <test-method is-config="true" signature="BT()[pri:0, instance:vandanademo2.orange_hrm@481ba2cf]" started-at="2022-10-17T13:23:57Z" name="BT" finished-at="2022-10-17T13:24:11Z" duration-ms="13975" status="PASS">
          <reporter-output>
          </reporter-output>
        </test-method> <!-- BT -->
        <test-method signature="test()[pri:0, instance:vandanademo2.orange_hrm@481ba2cf]" started-at="2022-10-17T13:24:11Z" name="test" finished-at="2022-10-17T13:24:17Z" duration-ms="5719" status="PASS">
          <reporter-output>
          </reporter-output>
        </test-method> <!-- test -->
        <test-method signature="windowhandle()[pri:0, instance:vandanademo2.orange_hrm@481ba2cf]" started-at="2022-10-17T13:24:17Z" name="windowhandle" finished-at="2022-10-17T13:24:39Z" duration-ms="22163" status="PASS">
          <reporter-output>
          </reporter-output>
        </test-method> <!-- windowhandle -->
      </class> <!-- vandanademo2.orange_hrm -->
    </test> <!-- Default test -->
  </suite> <!-- Default suite -->
</testng-results>
