<?xml version="1.0" encoding="UTF-8"?>
<!-- Generated by org.testng.reporters.JUnitXMLReporter -->
<testsuite hostname="DESKTOP-6894EN5" failures="2" tests="2" name="Surefire test" time="12.894" errors="0" timestamp="10 Oct 2022 09:13:34 GMT">
  <testcase classname="vandanademo2.tar_task" name="test" time="3.043">
    <failure type="java.lang.NullPointerException" message="Cannot invoke &amp;quot;org.openqa.selenium.WebDriver.findElement(org.openqa.selenium.By)&amp;quot; because &amp;quot;this.driver&amp;quot; is null">
      <![CDATA[java.lang.NullPointerException: Cannot invoke "org.openqa.selenium.WebDriver.findElement(org.openqa.selenium.By)" because "this.driver" is null
	at vandanademo2.tar_task.test(tar_task.java:26)
... Removed 29 stack frames]]>
    </failure>
  </testcase> <!-- test -->
  <testcase classname="vandanademo2.tar_task" name="test2" time="0.002">
    <failure type="java.lang.NullPointerException" message="Cannot invoke &amp;quot;org.openqa.selenium.WebDriver.findElement(org.openqa.selenium.By)&amp;quot; because &amp;quot;this.driver&amp;quot; is null">
      <![CDATA[java.lang.NullPointerException: Cannot invoke "org.openqa.selenium.WebDriver.findElement(org.openqa.selenium.By)" because "this.driver" is null
	at vandanademo2.tar_task.test2(tar_task.java:33)
... Removed 29 stack frames]]>
    </failure>
  </testcase> <!-- test2 -->
</testsuite> <!-- Surefire test -->
